<?xml version="1.0" encoding="UTF-8"?>
<testsuite xmlns:xsi="http://www.w3.org/2001/XMLSchema-instance" xsi:noNamespaceSchemaLocation="https://maven.apache.org/surefire/maven-surefire-plugin/xsd/surefire-test-report-3.0.xsd" version="3.0" name="bank.BankAccountTest" time="0.101" tests="7" errors="0" skipped="0" failures="0">
  <properties>
[...]
</properties>
  <testcase name="withdraw_insuficienteDinero_returnFalse" classname="bank.BankAccountTest" time="0.049"/>
  <testcase name="withdraw_suficienteDinero_returnTrue" classname="bank.BankAccountTest" time="0.0"/>
  <testcase name="deposit_cantidadNegativa_throwIllegalArgumentException" classname="bank.BankAccountTest" time="0.003"/>
  <testcase name="pending_mes0_returnTrue" classname="bank.BankAccountTest" time="0.0"/>
  <testcase name="pending_mesMayorA0_returnTrue" classname="bank.BankAccountTest" time="0.0"/>
  <testcase name="deposit_cantidadPositiva_returnTrue" classname="bank.BankAccountTest" time="0.0"/>
  <testcase name="payment_formulaCorrecta_returnTrue" classname="bank.BankAccountTest" time="0.0"/>
</testsuite>